📈 正在获取涨幅榜数据...
   获取排行... (300只) 补充行业/市值... (300只)
📉 正在获取跌幅榜数据...
   获取排行... (300只) 补充行业/市值... (300只)

✅ 云图已生成: /Users/lidatian/Desktop/a_stock/a_streak_treemap_2026-06-22.html
   涨幅榜: 300 只 (75个行业)
   跌幅榜: 300 只 (76个行业)
   生成时间: 2026-06-22 20:11:05
📈 正在获取涨幅榜数据...
   获取排行... (300只) 补充行业/市值... (300只)
📉 正在获取跌幅榜数据...
   获取排行... (300只) 补充行业/市值... (300只)

✅ 云图已生成: /Users/lidatian/Desktop/a_stock/a_streak_treemap_2026-06-23.html
   涨幅榜: 300 只 (75个行业)
   跌幅榜: 300 只 (63个行业)
   生成时间: 2026-06-23 20:00:01
📈 正在获取涨幅榜数据...
   获取排行... (300只) 补充行业/市值... (300只)
📉 正在获取跌幅榜数据...
   获取排行... (300只) 补充行业/市值... (300只)

✅ 云图已生成: /Users/lidatian/Desktop/a_stock/a_streak_treemap_2026-06-24.html
   涨幅榜: 300 只 (66个行业)
   跌幅榜: 300 只 (89个行业)
   生成时间: 2026-06-24 20:00:01
📈 正在获取涨幅榜数据...
   获取排行... (300只) 补充行业/市值... (300只)
📉 正在获取跌幅榜数据...
   获取排行... (300只) 补充行业/市值... (300只)

✅ 云图已生成: /Users/lidatian/Desktop/a_stock/a_streak_treemap_2026-06-25.html
   涨幅榜: 300 只 (76个行业)
   跌幅榜: 300 只 (83个行业)
   生成时间: 2026-06-25 20:00:00
📈 正在获取涨幅榜数据...
   获取排行... (300只) 补充行业/市值... (300只)
📉 正在获取跌幅榜数据...
   获取排行... (300只) 补充行业/市值... (300只)

✅ 云图已生成: /Users/lidatian/Desktop/a_stock/a_streak_treemap_2026-06-26.html
   涨幅榜: 300 只 (67个行业)
   跌幅榜: 300 只 (63个行业)
   生成时间: 2026-06-26 20:00:00
📈 正在获取涨幅榜数据...
   获取排行... (300只) 补充行业/市值... (300只)
📉 正在获取跌幅榜数据...
   获取排行... (300只) 补充行业/市值... (300只)

✅ 云图已生成: /Users/lidatian/Desktop/a_stock/a_streak_treemap_2026-06-29.html
   涨幅榜: 300 只 (70个行业)
   跌幅榜: 300 只 (67个行业)
   生成时间: 2026-06-29 20:00:01
📈 正在获取涨幅榜数据...
   获取排行... (300只) 补充行业/市值... (300只)
📉 正在获取跌幅榜数据...
   获取排行... (300只) 补充行业/市值... (300只)

✅ 云图已生成: /Users/lidatian/Desktop/a_stock/a_streak_treemap_2026-06-30.html
   涨幅榜: 300 只 (66个行业)
   跌幅榜: 300 只 (80个行业)
   生成时间: 2026-06-30 16:00:00
📈 正在获取涨幅榜数据...
   获取排行... (300只) 补充行业/市值... (300只)
📉 正在获取跌幅榜数据...
   获取排行... (300只) 补充行业/市值... (300只)

✅ 云图已生成: /Users/lidatian/Desktop/a_stock/a_streak_treemap_2026-07-01.html
   涨幅榜: 300 只 (83个行业)
   跌幅榜: 300 只 (54个行业)
   生成时间: 2026-07-01 16:00:00
📈 正在获取涨幅榜数据...
   获取排行... (300只) 补充行业/市值... (300只)
📉 正在获取跌幅榜数据...
   获取排行... (300只) 补充行业/市值... (300只)

✅ 云图已生成: /Users/lidatian/Desktop/a_stock/a_streak_treemap_2026-07-02.html
   涨幅榜: 300 只 (88个行业)
   跌幅榜: 300 只 (55个行业)
   生成时间: 2026-07-02 16:00:00
📈 正在获取涨幅榜数据...
   获取排行... (300只) 补充行业/市值... (300只)
📉 正在获取跌幅榜数据...
   获取排行... (300只) 补充行业/市值... (300只)

✅ 云图已生成: /Users/lidatian/Desktop/a_stock/a_streak_treemap_2026-07-03.html
   涨幅榜: 300 只 (64个行业)
   跌幅榜: 300 只 (66个行业)
   生成时间: 2026-07-03 16:00:00
📈 正在获取涨幅榜数据...
   获取排行... (300只) 补充行业/市值... (300只)
📉 正在获取跌幅榜数据...
   获取排行... (300只) 补充行业/市值... (300只)

✅ 云图已生成: /Users/lidatian/Desktop/a_stock/a_streak_treemap_2026-07-06.html
   涨幅榜: 300 只 (75个行业)
   跌幅榜: 300 只 (70个行业)
   生成时间: 2026-07-06 16:00:00
📈 正在获取涨幅榜数据...
   获取排行... (300只) 补充行业/市值... (300只)
📉 正在获取跌幅榜数据...
   获取排行... (300只) 补充行业/市值... (300只)

✅ 云图已生成: /Users/lidatian/Desktop/a_stock/a_streak_treemap_2026-07-07.html
   涨幅榜: 300 只 (70个行业)
   跌幅榜: 300 只 (82个行业)
   生成时间: 2026-07-07 16:00:01
📈 正在获取涨幅榜数据...
   获取排行... (300只) 补充行业/市值... (300只)
📉 正在获取跌幅榜数据...
   获取排行... (300只) 补充行业/市值... (300只)

✅ 云图已生成: /Users/lidatian/Desktop/a_stock/a_streak_treemap_2026-07-08.html
   涨幅榜: 300 只 (70个行业)
   跌幅榜: 300 只 (62个行业)
   生成时间: 2026-07-08 16:00:00
📈 正在获取涨幅榜数据...
   获取排行... (300只) 补充行业/市值... (300只)
📉 正在获取跌幅榜数据...
   获取排行... (300只) 补充行业/市值... (300只)

✅ 云图已生成: /Users/lidatian/Desktop/a_stock/a_streak_treemap_2026-07-09.html
   涨幅榜: 300 只 (68个行业)
   跌幅榜: 300 只 (90个行业)
   生成时间: 2026-07-09 15:01:00
📈 正在获取涨幅榜数据...
   获取排行... (300只) 补充行业/市值... (300只)
📉 正在获取跌幅榜数据...
   获取排行... (300只) 补充行业/市值... (300只)

✅ 云图已生成: /Users/lidatian/Desktop/a_stock/a_streak_treemap_2026-07-10.html
   涨幅榜: 300 只 (76个行业)
   跌幅榜: 300 只 (50个行业)
   生成时间: 2026-07-10 15:01:00
📈 正在获取涨幅榜数据...
   获取排行... (300只) 补充行业/市值... (300只)
📉 正在获取跌幅榜数据...
   获取排行... (300只) 补充行业/市值... (300只)

✅ 云图已生成: /Users/lidatian/Desktop/a_stock/a_streak_treemap_2026-07-13.html
   涨幅榜: 300 只 (69个行业)
   跌幅榜: 300 只 (64个行业)
   生成时间: 2026-07-13 15:01:00
📈 正在获取涨幅榜数据...
   获取排行... (300只) 补充行业/市值... (300只)
📉 正在获取跌幅榜数据...
   获取排行... (300只) 补充行业/市值... (300只)

✅ 云图已生成: /Users/lidatian/Desktop/a_stock/a_streak_treemap_2026-07-14.html
   涨幅榜: 300 只 (82个行业)
   跌幅榜: 300 只 (75个行业)
   生成时间: 2026-07-14 15:01:01
📈 正在获取涨幅榜数据...
   获取排行... (300只) 补充行业/市值... (300只)
📉 正在获取跌幅榜数据...
   获取排行... (300只) 补充行业/市值... (300只)

✅ 云图已生成: /Users/lidatian/Desktop/a_stock/a_streak_treemap_2026-07-15.html
   涨幅榜: 300 只 (79个行业)
   跌幅榜: 300 只 (59个行业)
   生成时间: 2026-07-15 15:01:01
📈 正在获取涨幅榜数据...
   获取排行... (300只) 补充行业/市值... (300只)
📉 正在获取跌幅榜数据...
   获取排行... (300只) 补充行业/市值... (300只)

✅ 云图已生成: /Users/lidatian/Desktop/a_stock/a_streak_treemap_2026-07-16.html
   涨幅榜: 300 只 (78个行业)
   跌幅榜: 300 只 (63个行业)
   生成时间: 2026-07-16 15:01:00
📈 正在获取涨幅榜数据...
   获取排行... (300只) 补充行业/市值... (300只)
📉 正在获取跌幅榜数据...
   获取排行... (300只) 补充行业/市值... (300只)

✅ 云图已生成: /Users/lidatian/Desktop/a_stock/a_streak_treemap_2026-07-17.html
   涨幅榜: 300 只 (81个行业)
   跌幅榜: 300 只 (47个行业)
   生成时间: 2026-07-17 15:01:01
📈 正在获取涨幅榜数据...
   获取排行... (300只) 补充行业/市值... (300只)
📉 正在获取跌幅榜数据...
   获取排行... (300只) 补充行业/市值... (300只)

✅ 云图已生成: /Users/lidatian/Desktop/a_stock/a_streak_treemap_2026-07-20.html
   涨幅榜: 300 只 (71个行业)
   跌幅榜: 300 只 (60个行业)
   生成时间: 2026-07-20 15:01:01
